Arguments: 
  /data/data/com.termux/files/usr/bin/node /data/data/com.termux/files/usr/share/yarn/bin/yarn.js

PATH: 
  /data/data/com.termux/files/usr/bin

Yarn version: 
  1.22.19

Node version: 
  20.2.0

Platform: 
  android arm64

Trace: 
  Error: EACCES: permission denied, symlink '../../../../pino/bin.js' -> '/storage/emulated/0/bot/rxhl/node_modules/@whiskeysockets/baileys/node_modules/.bin/pino'

npm manifest: 
  {
  	"name": "Vinz Modders",
	"version": "3.1.0",
	"description": "up",
	"main": "index.js",
	"type": "commonjs",
	"scripts": {
		"start": "node index.js"
	},
	"keywords": [
		"whiskeysockets",
		"multi-device"
	],
	"author": "vinz",
	"license": "MIT",
	"dependencies": {
	"@whiskeysockets/baileys" : "^github:WhiskeySockets/Baileys",
		"@whiskeysockets/baileys": "^6.3.0",
		"@adiwajshing/keyed-db": "^0.2.4",
		"@hapi/boom": "^10.0.0",
		"awesome-phonenumber": "^5.10.0",
		"chalk": "^4.1.2",
		"cheerio": "^1.0.0-rc.10",
		"child_process": "^1.0.2",
		"crypto": "^1.0.1",
		"file-type": "^16.5.3",
		"fluent-ffmpeg": "^2.1.2",
		"@ffmpeg-installer/ffmpeg": "^1.1.0",
		"fs": "0.0.1-security",
		"lodash": "^4.17.21",
		"node-webpmux": "^3.1.0",
		"moment-timezone": "^0.5.34",
		"node-fetch": "^2.6.1",
		"google-it": "^1.6.2",
		"lolcatjs": "^2.4.1",
		"jimp": "^0.16.1",
		"mongoose": "^7.2.2",
		"javascript-obfuscator": "^4.0.0",
		"os": "^0.1.2",
		"path": "^0.12.7",
		"pino": "^8.14.1",
        "qrcode-terminal": "^0.12.0",
        "request": "^2.88.2",
        "yt-search": "^2.10.2",
        "scrape-primbon": "^1.1.0",
		"util": "^0.12.5",
		"dhn-api": "^1.1.3",
		"steno": "^1.0.0",
		"ytdl-core": "^4.11.0",
		"yargs": "^17.7.2"
  	}
  }

yarn manifest: 
  No manifest

Lockfile: 
  No lockfile
